TN:
SF:src/api/RAGApi.ts
FN:21,(anonymous_0)
FN:26,(anonymous_1)
FN:44,(anonymous_3)
FN:54,(anonymous_5)
FN:64,(anonymous_7)
FN:68,(anonymous_9)
FN:78,(anonymous_11)
FN:84,(anonymous_13)
FNF:8
FNH:3
FNDA:2,(anonymous_0)
FNDA:2,(anonymous_1)
FNDA:2,(anonymous_3)
FNDA:0,(anonymous_5)
FNDA:0,(anonymous_7)
FNDA:0,(anonymous_9)
FNDA:0,(anonymous_11)
FNDA:0,(anonymous_13)
DA:17,1
DA:22,2
DA:23,2
DA:27,2
DA:29,2
DA:30,2
DA:36,2
DA:37,2
DA:38,1
DA:41,1
DA:45,2
DA:55,0
DA:65,0
DA:69,0
DA:79,0
DA:85,0
LF:16
LH:11
BRDA:26,0,0,0
BRDA:29,1,0,2
BRDA:37,2,0,1
BRDA:44,3,0,1
BRF:4
BRH:3
end_of_record
